289
122
289
75
411
411
289
411
411
411
289
122
253
411
289
411
289
289
289
289
411
253
253
411
253
411
253
33
253
253
253
253
180
411
411
253
248
260
289
253
411
253
205
289
150
411
289
411
411
411
253
205
123
289
411
248
289
289
411
411
289
289
395
248
205
411
123
411
411
289
248
150
411
289
289
289
253
289
411
411
289
253
411
411
141
77
411
141
411
411
156
411
253
253
253
289
233
244
237
145
189
123
289
248
411
289
411
411
253
255
145
253
253
411
289
122
289
289
411
215
411
289
107
411
253
289
248
248
289
411
289
289
253
411
253
248
411
253
248
248
253
253
248
248
411
248
289
289
411
255
411
260
289
411
253
253
119
289
255
411
102
248
253
393
132
289
253
289
289
122
411
203
411
289
289
289
289
253
289
411
289
248
411
411
253
122
411
289
253
411
248
145
411
189
253
411
253
289
248
92
388
411
150
217
289
411
260
253
122
411
411
411
248
289
34
411
411
411
122
253
411
411
253
411
141
411
205
33
253
150
21
289
253
253
253
411
248
150
411
289
411
411
411
289
35
248
289
411
411
289
253
411
289
279
253
289
289
289
114
289
253
411
411
289
289
9
289
122
289
289
253
181
253
248
411
289
289
248
253
289
248
189
289
248
248
244
119
289
248
248
289
253
411
253
289
411
253
317
411
289
67
411
289
175
253
248
246
411
260
97
410
289
289
411
289
122
248
150
289
375
248
51
52
253
289
411
114
289
248
122
289
122
289
411
406
289
411
122
330
253
248
122
253
253
253
411
253
248
411
289
253
411
253
411
121
411
248
411
253
253
289
114
411
289
253
145
150
189
248
411
411
411
411
253
248
411
248
411
289
255
411
121
150
411
411
145
411
205
222
248
189
289
79
289
411
248
253
121
248
289
114
253
253
411
411
411
255
253
248
289
150
253
122
289
289
248
189
253
185
411
253
411
359
411
411
253
411
141
411
253
289
248
122
411
289
411
349
253
253
248
411
288
411
76
289
253
411
248
139
411
248
205
289
289
289
289
411
253
289
411
122
289
122
411
289
289
122
253
411
411
289
253
119
258
248
289
248
87
89
205
411
253
411
289
411
253
253
411
253
289
411
289
253
411
253
205
248
400
248
411
411
411
411
175
411
122
289
289
278
122
260
411
411
253
289
189
253
289
201
289
121
253
289
411
253
289
123
253
289
411
253
170
411
248
253
253
411
411
411
411
110
253
248
253
289
248
411
123
253
248
29
289
289
248
289
411
253
289
411
289
253
248
59
411
92
253
289
78
139
253
289
233
253
411
253
107
248
253
289
253
411
248
289
289
248
248
150
215
289
411
253
253
253
253
411
289
83
289
358
289
51
253
215
411
289
85
289
248
411
253
164
86
253
248
411
411
411
122
158
137
260
289
248
411
165
289
253
215
289
236
289
253
122
217
286
248
150
253
189
239
411
122
253
23
411
411
411
411
255
253
289
253
253
253
411
289
289
411
253
122
59
411
289
411
289
248
411
145
253
411
253
289
211
289
411
289
411
411
253
289
260
411
289
253
411
248
139
411
289
114
253
139
189
411
289
411
253
253
411
253
289
253
253
239
122
411
189
122
289
260
55
411
289
108
253
253
253
411
248
411
189
411
411
289
248
411
253
289
411
285
411
253
122
411
253
122
175
411
289
411
29
253
411
253
253
126
411
411
289
205
253
411
253
289
411
166
72
289
107
175
253
253
122
253
411
121
107
411
364
150
89
411
411
145
253
411
289
289
411
411
253
253
253
379
205
189
279
411
411
253
205
289
411
289
289
253
248
289
289
289
411
411
289
411
411
248
248
253
289
253
411
85
411
248
253
139
411
289
215
289
289
411
248
248
411
107
122
411
411
289
253
260
119
86
289
253
411
289
260
411
411
253
289
411
411
289
253
122
289
411
255
289
289
289
411
191
289
215
248
289
260
248
114
121
248
241
122
411
289
289
411
411
253
411
411
411
253
248
253
253
289
411
150
411
145
141
248
411
253
230
411
289
253
411
289
141
253
411
289
253
168
253
141
411
289
248
248
289
253
289
289
411
253
411
289
294
289
248
248
121
108
253
253
248
248
121
253
388
231
289
152
411
253
253
289
411
289
253
248
253
411
260
253
289
289
411
411
411
411
86
253
253
201
411
411
289
289
205
122
253
253
411
253
253
411
202
411
411
289
289
411
248
289
121
289
248
411
289
289
289
411
411
411
248
289
411
289
195
253
175
215
139
289
253
289
289
289
289
411
105
